{ Using PSTWRITER 17.2.0 d001Jan-11-2020 at 19:09:16 }

#1 WARNING(ORCAP-36038): "No_connect" property on Pin "U6.24" ignored for U6: SCHEMATIC1, MICROCONTROLLER (3.80, 2.30). Connecting pin to net "JTAG_TMSC".
#2 WARNING(ORCAP-36038): "No_connect" property on Pin "U6.25" ignored for U6: SCHEMATIC1, MICROCONTROLLER (3.80, 2.30). Connecting pin to net "JTAG_TCKC".
#3 WARNING(ORCAP-36038): "No_connect" property on Pin "U6.26" ignored for U6: SCHEMATIC1, MICROCONTROLLER (3.80, 2.30). Connecting pin to net "JTAG_TDO".
#4 WARNING(ORCAP-36038): "No_connect" property on Pin "U6.27" ignored for U6: SCHEMATIC1, MICROCONTROLLER (3.80, 2.30). Connecting pin to net "JTAG_TDI".
#5 WARNING(ORCAP-36006): Part Name "AN-043_PCBANTENNA_AN043_FLIP_AN-043_PCBANTENNA" is renamed to "AN-043_PCBANTENNA_AN043_FLIP_AN".
#6 WARNING(ORCAP-36006): Part Name "LED_APG1608ZGC-SMD-LED_LED - 0603" is renamed to "LED_APG1608ZGC-SMD-LED_LED - 06".
#7 WARNING(ORCAP-36006): Part Name "SM02B-SRSS-TB_CONN_JST_SM02B-SRSS_BATTERY CONNECTOR" is renamed to "SM02B-SRSS-TB_CONN_JST_SM02B-SR".
#8 WARNING(ORCAP-36006): Part Name "SAMTEC FTSH-105-01-L-D-K_JTAGFOOTPRINT_SAMTEC FTSH-105-01-L-D-K" is renamed to "SAMTEC FTSH-105-01-L-D-K_JTAGFO".
#9 WARNING(ORCAP-36006): Part Name "INDUCTOR_0603_L_MURATA BLM 18HE 152SN1" is renamed to "INDUCTOR_0603_L_MURATA BLM 18HE".
#10 WARNING(ORCAP-36006): Part Name "MOLEX-USB-CONNECTOR_CON00906_5_MOLEX-MICRO USB-CONNECTOR" is renamed to "MOLEX-USB-CONNECTOR_CON00906_5_".
#11 WARNING(ORCAP-36006): Part Name "MAXIM MAX1759 _SMD_MAX1759_MAXIM MAX1759 " is renamed to "MAXIM MAX1759 _SMD_MAX1759_MAXI".
#12 WARNING(ORCAP-36006): Part Name "SM-UART-04L_SM-UART-04L_SM-UART-04L" is renamed to "SM-UART-04L_SM-UART-04L_SM-UART".
#13 WARNING(ORCAP-36006): Part Name "CC2640F128RGZR_CC2640RGZ_CC2640F128RGZR" is renamed to "CC2640F128RGZR_CC2640RGZ_CC2640".
#14 WARNING(ORCAP-36006): Part Name "MAX1555_SMD_MAX1555_MAXIM MAX1555" is renamed to "MAX1555_SMD_MAX1555_MAXIM MAX15".
#15 WARNING(ORCAP-36006): Part Name "JS202011SCQN-DPDT-SWITCH_JS202011SCQN-DPDT_JS202011SCQN-DPDT-SWITCH" is renamed to "JS202011SCQN-DPDT-SWITCH_JS2020".
#16 WARNING(ORCAP-36006): Part Name "SEIKO SC-20S 7PF	_SC-20S_SEIKO SC-20S 7PF	" is renamed to "SEIKO SC-20S 7PF_SC-20S_SEIKO".
#17 WARNING(ORCAP-36006): Part Name "TSX-3225 24_1.0000MF15X-AC3_TSX-3225_TSX-3225 24_1.0000MF15X-AC3" is renamed to "TSX-3225 24_1.0000MF15X-AC3_TSX".
INFO(ORCAP-36080): Scanning netlist files ...

Loading... C:\USERS\FEDERICO\DESKTOP\PAR.MA\ORCAD\allegro/pstchip.dat

Loading... C:\USERS\FEDERICO\DESKTOP\PAR.MA\ORCAD\allegro/pstchip.dat

Loading... C:\USERS\FEDERICO\DESKTOP\PAR.MA\ORCAD\allegro/pstxprt.dat

Loading... C:\USERS\FEDERICO\DESKTOP\PAR.MA\ORCAD\allegro/pstxnet.dat
packaging the design view...